<?xml version="1.0" encoding="UTF-8"?>
<testsuite name="com.charlestati.jcoinche.ServerTest" tests="1" skipped="0" failures="0" errors="0" timestamp="2016-12-29T15:44:27" hostname="Charless-MacBook-Pro.local" time="0.0">
  <properties/>
  <testcase name="checkHandshake" classname="com.charlestati.jcoinche.ServerTest" time="0.0"/>
  <system-out><![CDATA[]]></system-out>
  <system-err><![CDATA[Dec 29, 2016 4:44:27 PM io.netty.handler.logging.LoggingHandler channelRegistered
INFO: [id: 0xb6f5788f] REGISTERED
Dec 29, 2016 4:44:27 PM io.netty.handler.logging.LoggingHandler bind
INFO: [id: 0xb6f5788f] BIND: 0.0.0.0/0.0.0.0:8081
Dec 29, 2016 4:44:27 PM io.netty.handler.logging.LoggingHandler channelActive
INFO: [id: 0xb6f5788f, L:/0:0:0:0:0:0:0:0:8081] ACTIVE
Dec 29, 2016 4:44:28 PM io.netty.handler.logging.LoggingHandler channelUnregistered
Shutting down Server
INFO: [id: 0xb6f5788f, L:/0:0:0:0:0:0:0:0:8081] UNREGISTERED
]]></system-err>
</testsuite>
