<?xml version="1.0" encoding="UTF-8"?>
<testsuite name="com.charlestati.jcoinche.ServerTest" tests="1" skipped="0" failures="0" errors="0" timestamp="2016-11-27T21:44:04" hostname="thomass-macbook-pro.home" time="0.0">
  <properties/>
  <testcase name="checkHandshake" classname="com.charlestati.jcoinche.ServerTest" time="0.0"/>
  <system-out><![CDATA[]]></system-out>
  <system-err><![CDATA[Nov 27, 2016 10:43:59 PM io.netty.handler.logging.LoggingHandler channelRegistered
INFO: [id: 0xa31482f2] REGISTERED
Nov 27, 2016 10:43:59 PM io.netty.handler.logging.LoggingHandler bind
INFO: [id: 0xa31482f2] BIND: 0.0.0.0/0.0.0.0:8081
Nov 27, 2016 10:43:59 PM io.netty.handler.logging.LoggingHandler channelActive
INFO: [id: 0xa31482f2, L:/0:0:0:0:0:0:0:0:8081] ACTIVE
Shutting down Server
Nov 27, 2016 10:44:05 PM io.netty.handler.logging.LoggingHandler channelUnregistered
INFO: [id: 0xa31482f2, L:/0:0:0:0:0:0:0:0:8081] UNREGISTERED
]]></system-err>
</testsuite>
