<?xml version="1.0" encoding="UTF-8"?>
<testsuite name="com.charlestati.jcoinche.DeckTest" tests="1" skipped="0" failures="0" errors="0" timestamp="2016-11-28T18:49:58" hostname="Thomass-MacBook-Pro.local" time="0.001">
  <properties/>
  <testcase name="checkRemoveDeck" classname="com.charlestati.jcoinche.DeckTest" time="0.001"/>
  <system-out><![CDATA[]]></system-out>
  <system-err><![CDATA[]]></system-err>
</testsuite>
